[2013-05-21 18:07:47] INFO  WEBrick 1.3.1
[2013-05-21 18:07:47] INFO  ruby 1.9.3 (2013-02-21) [java]
[2013-05-21 18:07:48] INFO  WEBrick::HTTPServer#start: pid=4292 port=3001
[2013-05-21 18:10:28] INFO  going to shutdown ...
[2013-05-21 18:10:28] INFO  WEBrick::HTTPServer#start done.
SHUTTING DOWN
pment
I, [2013-05-21T18:10:50.874000 #4343]  INFO -- : INITIALIZING
I, [2013-05-21T18:10:51.039000 #4343]  INFO -- : localhost 8888 push development
I, [2013-05-21T18:25:34.119000 #4343]  INFO -- : Active user id 4
I, [2013-05-21T18:25:52.465000 #4343]  INFO -- : Active user id 4
I, [2013-05-21T18:26:00.018000 #4343]  INFO -- : Active user id 5
I, [2013-05-21T18:26:11.597000 #4343]  INFO -- : Active user id 5
I, [2013-05-21T18:26:54.363000 #4343]  INFO -- : Active user id 5
I, [2013-05-21T18:27:07.652000 #4343]  INFO -- : Active user id 6
I, [2013-05-21T18:27:15.195000 #4343]  INFO -- : Active user id 7
I, [2013-05-21T18:27:23.411000 #4343]  INFO -- : Active user id 8
I, [2013-05-21T18:28:07.448000 #4343]  INFO -- : Active user id 9
I, [2013-05-22T01:08:33.842000 #13056]  INFO -- : INITIALIZING
I, [2013-05-22T01:08:34.216000 #13056]  INFO -- : localhost 8888 push development
I, [2013-05-22T02:32:16.976000 #14440]  INFO -- : INITIALIZING
I, [2013-05-22T02:32:17.062000 #14440]  INFO -- : localhost 8888 push development
I, [2013-05-22T02:34:22.197000 #14491]  INFO -- : INITIALIZING
I, [2013-05-22T02:34:22.249000 #14491]  INFO -- : localhost 8888 push development
I, [2013-05-22T02:35:44.488000 #14524]  INFO -- : INITIALIZING
I, [2013-05-22T02:35:44.568000 #14524]  INFO -- : localhost 8888 push development
I, [2013-05-22T02:37:06.033000 #14555]  INFO -- : INITIALIZING
I, [2013-05-22T02:37:06.102000 #14555]  INFO -- : localhost 8888 push development
I, [2013-05-22T02:46:17.341000 #14660]  INFO -- : INITIALIZING
I, [2013-05-22T02:46:17.433000 #14660]  INFO -- : localhost 8888 push development
I, [2013-05-22T03:06:36.204000 #14956]  INFO -- : INITIALIZING
I, [2013-05-22T03:06:36.272000 #14956]  INFO -- : localhost 8888 push development
I, [2013-05-22T03:10:15.116000 #15026]  INFO -- : INITIALIZING
I, [2013-05-22T03:10:15.168000 #15026]  INFO -- : localhost 8888 push development
I, [2013-05-22T03:11:29.124000 #15055]  INFO -- : INITIALIZING
I, [2013-05-22T03:11:29.145000 #15055]  INFO -- : localhost 8888 push development
I, [2013-05-22T03:23:09.296000 #15259]  INFO -- : INITIALIZING
I, [2013-05-22T03:23:09.489000 #15259]  INFO -- : localhost 8888 push development
I, [2013-05-22T03:26:51.229000 #15329]  INFO -- : INITIALIZING
I, [2013-05-22T03:26:51.312000 #15329]  INFO -- : localhost 8888 push development
I, [2013-05-22T03:30:37.152000 #15383]  INFO -- : INITIALIZING
I, [2013-05-22T03:30:37.281000 #15383]  INFO -- : localhost 8888 push development
I, [2013-05-22T03:41:16.424000 #15497]  INFO -- : INITIALIZING
I, [2013-05-22T03:41:16.478000 #15497]  INFO -- : localhost 8888 push development
I, [2013-05-22T09:22:07.302000 #15807]  INFO -- : INITIALIZING
I, [2013-05-22T09:22:07.363000 #15807]  INFO -- : localhost 8888 push development
